<?xml version="1.0" encoding="UTF-8"?>
<coverage generated="1732888286306" clover="3.2.0">
  <project timestamp="1732888286306" name="All files">
    <metrics statements="3" coveredstatements="3" conditionals="0" coveredconditionals="0" methods="2" coveredmethods="2" elements="5" coveredelements="5" complexity="0" loc="3" ncloc="3" packages="1" files="3" classes="3"/>
    <file name="Dice.js" path="/Users/Hao/Desktop/1DV609/TDD-A1-P2/src/Dice.js">
      <metrics statements="1" coveredstatements="1" conditionals="0" coveredconditionals="0" methods="1" coveredmethods="1"/>
      <line num="18" count="1" type="stmt"/>
    </file>
    <file name="Game.js" path="/Users/Hao/Desktop/1DV609/TDD-A1-P2/src/Game.js">
      <metrics statements="0" coveredstatements="0" conditionals="0" coveredconditionals="0" methods="0" coveredmethods="0"/>
    </file>
    <file name="Player.js" path="/Users/Hao/Desktop/1DV609/TDD-A1-P2/src/Player.js">
      <metrics statements="2" coveredstatements="2" conditionals="0" coveredconditionals="0" methods="1" coveredmethods="1"/>
      <line num="15" count="3" type="stmt"/>
      <line num="16" count="3" type="stmt"/>
    </file>
  </project>
</coverage>
