{"/Users/Hao/Desktop/1DV609/TDD-A1-P2/src/Dice.js": {"path":"/Users/Hao/Desktop/1DV609/TDD-A1-P2/src/Dice.js","statementMap":{"0":{"start":{"line":18,"column":4},"end":{"line":18,"column":44}}},"fnMap":{"0":{"name":"(anonymous_0)","decl":{"start":{"line":17,"column":2},"end":{"line":17,"column":3}},"loc":{"start":{"line":17,"column":9},"end":{"line":19,"column":3}},"line":17}},"branchMap":{},"s":{"0":1},"f":{"0":1},"b":{},"_coverageSchema":"1a1c01bbd47fc00a2c39e90264f33305004495a9","hash":"67e7aa362d530837b8931259e1c312f33d3f76d5"}
,"/Users/Hao/Desktop/1DV609/TDD-A1-P2/src/Game.js": {"path":"/Users/Hao/Desktop/1DV609/TDD-A1-P2/src/Game.js","statementMap":{"0":{"start":{"line":21,"column":4},"end":{"line":21,"column":27}},"1":{"start":{"line":22,"column":4},"end":{"line":22,"column":21}},"2":{"start":{"line":23,"column":4},"end":{"line":23,"column":23}},"3":{"start":{"line":25,"column":4},"end":{"line":27,"column":5}},"4":{"start":{"line":26,"column":6},"end":{"line":26,"column":75}},"5":{"start":{"line":35,"column":22},"end":{"line":35,"column":23}},"6":{"start":{"line":36,"column":18},"end":{"line":36,"column":20}},"7":{"start":{"line":38,"column":4},"end":{"line":53,"column":7}},"8":{"start":{"line":39,"column":22},"end":{"line":39,"column":23}},"9":{"start":{"line":40,"column":6},"end":{"line":44,"column":7}},"10":{"start":{"line":40,"column":19},"end":{"line":40,"column":20}},"11":{"start":{"line":41,"column":21},"end":{"line":41,"column":37}},"12":{"start":{"line":42,"column":8},"end":{"line":42,"column":26}},"13":{"start":{"line":43,"column":8},"end":{"line":43,"column":55}},"14":{"start":{"line":45,"column":6},"end":{"line":45,"column":63}},"15":{"start":{"line":47,"column":6},"end":{"line":52,"column":7}},"16":{"start":{"line":48,"column":8},"end":{"line":48,"column":32}},"17":{"start":{"line":49,"column":8},"end":{"line":49,"column":27}},"18":{"start":{"line":50,"column":13},"end":{"line":52,"column":7}},"19":{"start":{"line":51,"column":8},"end":{"line":51,"column":29}},"20":{"start":{"line":55,"column":4},"end":{"line":58,"column":5}},"21":{"start":{"line":56,"column":6},"end":{"line":56,"column":33}},"22":{"start":{"line":57,"column":6},"end":{"line":57,"column":18}},"23":{"start":{"line":60,"column":19},"end":{"line":60,"column":29}},"24":{"start":{"line":61,"column":4},"end":{"line":61,"column":28}},"25":{"start":{"line":62,"column":4},"end":{"line":62,"column":45}},"26":{"start":{"line":63,"column":4},"end":{"line":63,"column":18}}},"fnMap":{"0":{"name":"(anonymous_0)","decl":{"start":{"line":20,"column":2},"end":{"line":20,"column":3}},"loc":{"start":{"line":20,"column":36},"end":{"line":28,"column":3}},"line":20},"1":{"name":"(anonymous_1)","decl":{"start":{"line":34,"column":2},"end":{"line":34,"column":3}},"loc":{"start":{"line":34,"column":9},"end":{"line":64,"column":3}},"line":34},"2":{"name":"(anonymous_2)","decl":{"start":{"line":38,"column":25},"end":{"line":38,"column":26}},"loc":{"start":{"line":38,"column":35},"end":{"line":53,"column":5}},"line":38}},"branchMap":{"0":{"loc":{"start":{"line":25,"column":4},"end":{"line":27,"column":5}},"type":"if","locations":[{"start":{"line":25,"column":4},"end":{"line":27,"column":5}},{"start":{},"end":{}}],"line":25},"1":{"loc":{"start":{"line":25,"column":8},"end":{"line":25,"column":55}},"type":"binary-expr","locations":[{"start":{"line":25,"column":8},"end":{"line":25,"column":31}},{"start":{"line":25,"column":35},"end":{"line":25,"column":55}}],"line":25},"2":{"loc":{"start":{"line":47,"column":6},"end":{"line":52,"column":7}},"type":"if","locations":[{"start":{"line":47,"column":6},"end":{"line":52,"column":7}},{"start":{"line":50,"column":13},"end":{"line":52,"column":7}}],"line":47},"3":{"loc":{"start":{"line":50,"column":13},"end":{"line":52,"column":7}},"type":"if","locations":[{"start":{"line":50,"column":13},"end":{"line":52,"column":7}},{"start":{},"end":{}}],"line":50},"4":{"loc":{"start":{"line":55,"column":4},"end":{"line":58,"column":5}},"type":"if","locations":[{"start":{"line":55,"column":4},"end":{"line":58,"column":5}},{"start":{},"end":{}}],"line":55}},"s":{"0":9,"1":9,"2":9,"3":9,"4":1,"5":10,"6":10,"7":10,"8":20,"9":20,"10":20,"11":16,"12":16,"13":16,"14":20,"15":20,"16":10,"17":10,"18":10,"19":6,"20":10,"21":2,"22":2,"23":8,"24":8,"25":8,"26":8},"f":{"0":9,"1":10,"2":20},"b":{"0":[1,8],"1":[9,9],"2":[10,10],"3":[6,4],"4":[2,8]},"_coverageSchema":"1a1c01bbd47fc00a2c39e90264f33305004495a9","hash":"b387a0ad21b263fecbd83dd922eb4e0966e32724"}
,"/Users/Hao/Desktop/1DV609/TDD-A1-P2/src/Player.js": {"path":"/Users/Hao/Desktop/1DV609/TDD-A1-P2/src/Player.js","statementMap":{"0":{"start":{"line":15,"column":6},"end":{"line":15,"column":22}},"1":{"start":{"line":16,"column":6},"end":{"line":16,"column":20}},"2":{"start":{"line":20,"column":8},"end":{"line":20,"column":21}}},"fnMap":{"0":{"name":"(anonymous_0)","decl":{"start":{"line":14,"column":4},"end":{"line":14,"column":5}},"loc":{"start":{"line":14,"column":22},"end":{"line":17,"column":5}},"line":14},"1":{"name":"(anonymous_1)","decl":{"start":{"line":19,"column":4},"end":{"line":19,"column":5}},"loc":{"start":{"line":19,"column":21},"end":{"line":21,"column":5}},"line":19}},"branchMap":{},"s":{"0":18,"1":18,"2":9},"f":{"0":18,"1":9},"b":{},"_coverageSchema":"1a1c01bbd47fc00a2c39e90264f33305004495a9","hash":"f05ed93baead5db6e13eba1d7510a9dd52b366e0"}
}
