{"/Users/Hao/Desktop/1DV609/TDD-A1-P2/src/Dice.js": {"path":"/Users/Hao/Desktop/1DV609/TDD-A1-P2/src/Dice.js","statementMap":{"0":{"start":{"line":18,"column":4},"end":{"line":18,"column":44}}},"fnMap":{"0":{"name":"(anonymous_0)","decl":{"start":{"line":17,"column":2},"end":{"line":17,"column":3}},"loc":{"start":{"line":17,"column":9},"end":{"line":19,"column":3}},"line":17}},"branchMap":{},"s":{"0":1},"f":{"0":1},"b":{},"_coverageSchema":"1a1c01bbd47fc00a2c39e90264f33305004495a9","hash":"67e7aa362d530837b8931259e1c312f33d3f76d5"}
,"/Users/Hao/Desktop/1DV609/TDD-A1-P2/src/Game.js": {"path":"/Users/Hao/Desktop/1DV609/TDD-A1-P2/src/Game.js","statementMap":{"0":{"start":{"line":22,"column":6},"end":{"line":22,"column":28}},"1":{"start":{"line":23,"column":6},"end":{"line":23,"column":22}},"2":{"start":{"line":25,"column":6},"end":{"line":27,"column":7}},"3":{"start":{"line":26,"column":8},"end":{"line":26,"column":77}},"4":{"start":{"line":35,"column":25},"end":{"line":35,"column":26}},"5":{"start":{"line":36,"column":19},"end":{"line":36,"column":23}},"6":{"start":{"line":38,"column":6},"end":{"line":44,"column":8}},"7":{"start":{"line":39,"column":21},"end":{"line":39,"column":37}},"8":{"start":{"line":40,"column":8},"end":{"line":43,"column":9}},"9":{"start":{"line":41,"column":10},"end":{"line":41,"column":29}},"10":{"start":{"line":42,"column":10},"end":{"line":42,"column":25}},"11":{"start":{"line":45,"column":6},"end":{"line":45,"column":19}}},"fnMap":{"0":{"name":"(anonymous_0)","decl":{"start":{"line":21,"column":4},"end":{"line":21,"column":5}},"loc":{"start":{"line":21,"column":31},"end":{"line":28,"column":5}},"line":21},"1":{"name":"(anonymous_1)","decl":{"start":{"line":34,"column":4},"end":{"line":34,"column":5}},"loc":{"start":{"line":34,"column":11},"end":{"line":46,"column":5}},"line":34},"2":{"name":"(anonymous_2)","decl":{"start":{"line":38,"column":27},"end":{"line":38,"column":28}},"loc":{"start":{"line":38,"column":37},"end":{"line":44,"column":7}},"line":38}},"branchMap":{"0":{"loc":{"start":{"line":25,"column":6},"end":{"line":27,"column":7}},"type":"if","locations":[{"start":{"line":25,"column":6},"end":{"line":27,"column":7}},{"start":{},"end":{}}],"line":25},"1":{"loc":{"start":{"line":25,"column":10},"end":{"line":25,"column":57}},"type":"binary-expr","locations":[{"start":{"line":25,"column":10},"end":{"line":25,"column":33}},{"start":{"line":25,"column":37},"end":{"line":25,"column":57}}],"line":25},"2":{"loc":{"start":{"line":40,"column":8},"end":{"line":43,"column":9}},"type":"if","locations":[{"start":{"line":40,"column":8},"end":{"line":43,"column":9}},{"start":{},"end":{}}],"line":40}},"s":{"0":1,"1":1,"2":1,"3":0,"4":1,"5":1,"6":1,"7":2,"8":2,"9":2,"10":2,"11":1},"f":{"0":1,"1":1,"2":2},"b":{"0":[0,1],"1":[1,1],"2":[2,0]},"_coverageSchema":"1a1c01bbd47fc00a2c39e90264f33305004495a9","hash":"cd632063e7be154b7d6564f78495348e82a552b2"}
,"/Users/Hao/Desktop/1DV609/TDD-A1-P2/src/Player.js": {"path":"/Users/Hao/Desktop/1DV609/TDD-A1-P2/src/Player.js","statementMap":{"0":{"start":{"line":15,"column":6},"end":{"line":15,"column":22}},"1":{"start":{"line":16,"column":6},"end":{"line":16,"column":20}}},"fnMap":{"0":{"name":"(anonymous_0)","decl":{"start":{"line":14,"column":4},"end":{"line":14,"column":5}},"loc":{"start":{"line":14,"column":22},"end":{"line":17,"column":5}},"line":14}},"branchMap":{},"s":{"0":3,"1":3},"f":{"0":3},"b":{},"_coverageSchema":"1a1c01bbd47fc00a2c39e90264f33305004495a9","hash":"cfc7943bc81bc038cfbbc79514b0d01960fd20a1"}
}
