TN:
SF:src/Dice.js
FN:17,(anonymous_0)
FNF:1
FNH:1
FNDA:1,(anonymous_0)
DA:18,1
LF:1
LH:1
BRF:0
BRH:0
end_of_record
TN:
SF:src/Game.js
FN:20,(anonymous_0)
FN:33,(anonymous_1)
FN:34,(anonymous_2)
FNF:3
FNH:3
FNDA:5,(anonymous_0)
FNDA:4,(anonymous_1)
FNDA:8,(anonymous_2)
DA:21,5
DA:22,5
DA:24,5
DA:25,1
DA:34,4
DA:35,8
DA:36,8
DA:38,8
DA:39,6
DA:40,2
DA:41,2
DA:43,0
DA:45,4
DA:46,2
DA:47,2
DA:49,2
LF:16
LH:15
BRDA:24,0,0,1
BRDA:24,0,1,4
BRDA:24,1,0,5
BRDA:24,1,1,5
BRDA:38,2,0,6
BRDA:38,2,1,2
BRDA:38,3,0,8
BRDA:38,3,1,4
BRDA:40,4,0,2
BRDA:40,4,1,0
BRDA:40,5,0,2
BRDA:40,5,1,0
BRDA:45,6,0,2
BRDA:45,6,1,2
BRDA:49,7,0,2
BRDA:49,7,1,0
BRF:16
BRH:13
end_of_record
TN:
SF:src/Player.js
FN:14,(anonymous_0)
FNF:1
FNH:1
FNDA:9,(anonymous_0)
DA:15,9
DA:16,9
LF:2
LH:2
BRF:0
BRH:0
end_of_record
