TN:
SF:src/Dice.js
FN:17,(anonymous_0)
FNF:1
FNH:1
FNDA:1,(anonymous_0)
DA:18,1
LF:1
LH:1
BRF:0
BRH:0
end_of_record
TN:
SF:src/Game.js
FN:20,(anonymous_0)
FN:33,(anonymous_1)
FN:34,(anonymous_2)
FNF:3
FNH:3
FNDA:2,(anonymous_0)
FNDA:2,(anonymous_1)
FNDA:4,(anonymous_2)
DA:21,2
DA:22,2
DA:24,2
DA:34,2
DA:35,4
DA:36,4
DA:38,4
DA:39,3
DA:40,1
DA:41,1
DA:43,0
DA:45,2
DA:46,1
DA:47,1
DA:49,1
LF:15
LH:14
BRDA:24,0,0,0
BRDA:24,0,1,2
BRDA:24,1,0,2
BRDA:24,1,1,2
BRDA:38,2,0,3
BRDA:38,2,1,1
BRDA:38,3,0,4
BRDA:38,3,1,2
BRDA:40,4,0,1
BRDA:40,4,1,0
BRDA:40,5,0,1
BRDA:40,5,1,0
BRDA:45,6,0,1
BRDA:45,6,1,1
BRDA:49,7,0,1
BRDA:49,7,1,0
BRF:16
BRH:12
end_of_record
TN:
SF:src/Player.js
FN:14,(anonymous_0)
FNF:1
FNH:1
FNDA:5,(anonymous_0)
DA:15,5
DA:16,5
LF:2
LH:2
BRF:0
BRH:0
end_of_record
